Copyright 1986-2019 Xilinx, Inc. All Rights Reserved.
-----------------------------------------------------------------------------------------
| Tool Version : Vivado v.2019.2 (win64) Build 2708876 Wed Nov  6 21:40:23 MST 2019
| Date         : Wed Nov 15 09:15:29 2023
| Host         : gs21-10 running 64-bit major release  (build 9200)
| Command      : report_control_sets -verbose -file bd_0_wrapper_control_sets_placed.rpt
| Design       : bd_0_wrapper
| Device       : xc7z020
-----------------------------------------------------------------------------------------

Control Set Information

Table of Contents
-----------------
1. Summary
2. Histogram
3. Flip-Flop Distribution
4. Detailed Control Set Information

1. Summary
----------

+----------------------------------------------------------+-------+
|                          Status                          | Count |
+----------------------------------------------------------+-------+
| Total control sets                                       |    16 |
|    Minimum number of control sets                        |    16 |
|    Addition due to synthesis replication                 |     0 |
|    Addition due to physical synthesis replication        |     0 |
| Unused register locations in slices containing registers |    70 |
+----------------------------------------------------------+-------+
* Control sets can be merged at opt_design using control_set_merge or merge_equivalent_drivers
** Run report_qor_suggestions for automated merging and remapping suggestions


2. Histogram
------------

+--------------------+-------+
|       Fanout       | Count |
+--------------------+-------+
| Total control sets |    16 |
| >= 0 to < 4        |     0 |
| >= 4 to < 6        |     1 |
| >= 6 to < 8        |     0 |
| >= 8 to < 10       |     6 |
| >= 10 to < 12      |     2 |
| >= 12 to < 14      |     0 |
| >= 14 to < 16      |     1 |
| >= 16              |     6 |
+--------------------+-------+
* Control sets can be remapped at either synth_design or opt_design


3. Flip-Flop Distribution
-------------------------

+--------------+-----------------------+------------------------+-----------------+--------------+
| Clock Enable | Synchronous Set/Reset | Asynchronous Set/Reset | Total Registers | Total Slices |
+--------------+-----------------------+------------------------+-----------------+--------------+
| No           | No                    | No                     |              27 |            8 |
| No           | No                    | Yes                    |               0 |            0 |
| No           | Yes                   | No                     |              35 |           14 |
| Yes          | No                    | No                     |             215 |           51 |
| Yes          | No                    | Yes                    |               0 |            0 |
| Yes          | Yes                   | No                     |             101 |           28 |
+--------------+-----------------------+------------------------+-----------------+--------------+


4. Detailed Control Set Information
-----------------------------------

+--------------+---------------------------------------------------------------------------------------------+---------------------------------------------------------------------------------------+------------------+----------------+
| Clock Signal |                                        Enable Signal                                        |                                    Set/Reset Signal                                   | Slice Load Count | Bel Load Count |
+--------------+---------------------------------------------------------------------------------------------+---------------------------------------------------------------------------------------+------------------+----------------+
|  ap_clk      | bd_0_i/hls_inst/U0/incrust_AXILiteS_s_axi_U/waddr                                           |                                                                                       |                1 |              5 |
|  ap_clk      | bd_0_i/hls_inst/U0/regslice_both_m_axis_video_V_data_V_U/obuf_inst/m_axis_video_TREADY_0[0] | bd_0_i/hls_inst/U0/regslice_both_m_axis_video_V_data_V_U/ibuf_inst/ireg[8]_i_1__0_n_1 |                2 |              9 |
|  ap_clk      | bd_0_i/hls_inst/U0/regslice_both_m_axis_video_V_data_V_U/obuf_inst/odata_int[7]_i_2_n_1     | bd_0_i/hls_inst/U0/regslice_both_m_axis_video_V_data_V_U/obuf_inst/SR[0]              |                3 |              9 |
|  ap_clk      | bd_0_i/hls_inst/U0/regslice_both_m_axis_video_V_data_V_U/i_reg_3770                         |                                                                                       |                3 |              9 |
|  ap_clk      | bd_0_i/hls_inst/U0/regslice_both_s_axis_video_V_data_V_U/obuf_inst/E[0]                     | bd_0_i/hls_inst/U0/regslice_both_s_axis_video_V_data_V_U/ibuf_inst/ireg[8]_i_1_n_1    |                2 |              9 |
|  ap_clk      | bd_0_i/hls_inst/U0/regslice_both_s_axis_video_V_data_V_U/obuf_inst/odata_int[8]_i_1__0_n_1  | bd_0_i/hls_inst/U0/regslice_both_m_axis_video_V_data_V_U/obuf_inst/SR[0]              |                2 |              9 |
|  ap_clk      | bd_0_i/hls_inst/U0/ap_NS_fsm10_out                                                          | bd_0_i/hls_inst/U0/i_0_reg_158                                                        |                2 |              9 |
|  ap_clk      | bd_0_i/hls_inst/U0/regslice_both_m_axis_video_V_data_V_U/ibuf_inst/E[0]                     | bd_0_i/hls_inst/U0/regslice_both_m_axis_video_V_data_V_U/SR[0]                        |                4 |             10 |
|  ap_clk      | bd_0_i/hls_inst/U0/ce0                                                                      |                                                                                       |                4 |             10 |
|  ap_clk      | bd_0_i/hls_inst/U0/pixel_1_fu_86                                                            | bd_0_i/hls_inst/U0/pixel_1_fu_86[0]_i_1_n_1                                           |                4 |             14 |
|  ap_clk      |                                                                                             |                                                                                       |                8 |             27 |
|  ap_clk      | bd_0_i/hls_inst/U0/incrust_AXILiteS_s_axi_U/p_0_in1_out                                     |                                                                                       |                5 |             32 |
|  ap_clk      | bd_0_i/hls_inst/U0/incrust_AXILiteS_s_axi_U/rdata_data                                      | bd_0_i/hls_inst/U0/incrust_AXILiteS_s_axi_U/rdata_data[31]_i_1_n_1                    |                9 |             32 |
|  ap_clk      | bd_0_i/hls_inst/U0/incrust_AXILiteS_s_axi_U/p_0_in3_out                                     |                                                                                       |                7 |             32 |
|  ap_clk      |                                                                                             | bd_0_i/hls_inst/U0/regslice_both_m_axis_video_V_data_V_U/obuf_inst/SR[0]              |               14 |             35 |
|  ap_clk      | bd_0_i/hls_inst/U0/ap_NS_fsm12_out                                                          |                                                                                       |               31 |            127 |
+--------------+---------------------------------------------------------------------------------------------+---------------------------------------------------------------------------------------+------------------+----------------+


