

================================================================
== Vivado HLS Report for 'incrust'
================================================================
* Date:           Wed Nov 15 09:11:18 2023

* Version:        2019.2 (Build 2704478 on Wed Nov 06 22:10:23 MST 2019)
* Project:        incrust
* Solution:       solution1
* Product family: zynq
* Target device:  xc7z020-clg484-1


================================================================
== Performance Estimates
================================================================
+ Timing: 
    * Summary: 
    +--------+----------+----------+------------+
    |  Clock |  Target  | Estimated| Uncertainty|
    +--------+----------+----------+------------+
    |ap_clk  | 10.00 ns | 5.918 ns |   1.25 ns  |
    +--------+----------+----------+------------+

+ Latency: 
    * Summary: 
    +---------+---------+----------+----------+--------+--------+---------+
    |  Latency (cycles) |  Latency (absolute) |     Interval    | Pipeline|
    |   min   |   max   |    min   |    max   |   min  |   max  |   Type  |
    +---------+---------+----------+----------+--------+--------+---------+
    |   922561|   922561| 9.226 ms | 9.226 ms |  922561|  922561|   none  |
    +---------+---------+----------+----------+--------+--------+---------+

    + Detail: 
        * Instance: 
        N/A

        * Loop: 
        +-------------+---------+---------+----------+-----------+-----------+------+----------+
        |             |  Latency (cycles) | Iteration|  Initiation Interval  | Trip |          |
        |  Loop Name  |   min   |   max   |  Latency |  achieved |   target  | Count| Pipelined|
        +-------------+---------+---------+----------+-----------+-----------+------+----------+
        |- Loop 1     |   922560|   922560|      1922|          -|          -|   480|    no    |
        | + Loop 1.1  |     1920|     1920|         3|          -|          -|   640|    no    |
        +-------------+---------+---------+----------+-----------+-----------+------+----------+



================================================================
== Utilization Estimates
================================================================
* Summary: 
+-----------------+---------+-------+--------+-------+-----+
|       Name      | BRAM_18K| DSP48E|   FF   |  LUT  | URAM|
+-----------------+---------+-------+--------+-------+-----+
|DSP              |        -|      -|       -|      -|    -|
|Expression       |        -|      -|       0|    294|    -|
|FIFO             |        -|      -|       -|      -|    -|
|Instance         |        0|      -|     106|    168|    -|
|Memory           |        8|      -|       0|      0|    -|
|Multiplexer      |        -|      -|       -|     78|    -|
|Register         |        -|      -|     205|      -|    -|
+-----------------+---------+-------+--------+-------+-----+
|Total            |        8|      0|     311|    540|    0|
+-----------------+---------+-------+--------+-------+-----+
|Available        |      280|    220|  106400|  53200|    0|
+-----------------+---------+-------+--------+-------+-----+
|Utilization (%)  |        2|      0|   ~0   |      1|    0|
+-----------------+---------+-------+--------+-------+-----+

+ Detail: 
    * Instance: 
    +--------------------------+------------------------+---------+-------+-----+-----+-----+
    |         Instance         |         Module         | BRAM_18K| DSP48E|  FF | LUT | URAM|
    +--------------------------+------------------------+---------+-------+-----+-----+-----+
    |incrust_AXILiteS_s_axi_U  |incrust_AXILiteS_s_axi  |        0|      0|  106|  168|    0|
    +--------------------------+------------------------+---------+-------+-----+-----+-----+
    |Total                     |                        |        0|      0|  106|  168|    0|
    +--------------------------+------------------------+---------+-------+-----+-----+-----+

    * DSP48E: 
    N/A

    * Memory: 
    +----------------+----------------------+---------+---+----+-----+-------+-----+------+-------------+
    |     Memory     |        Module        | BRAM_18K| FF| LUT| URAM| Words | Bits| Banks| W*Bits*Banks|
    +----------------+----------------------+---------+---+----+-----+-------+-----+------+-------------+
    |im_incrust_V_U  |incrust_im_incrusbkb  |        8|  0|   0|    0|  10064|    8|     1|        80512|
    +----------------+----------------------+---------+---+----+-----+-------+-----+------+-------------+
    |Total           |                      |        8|  0|   0|    0|  10064|    8|     1|        80512|
    +----------------+----------------------+---------+---+----+-----+-------+-----+------+-------------+

    * FIFO: 
    N/A

    * Expression: 
    +------------------------+----------+-------+---+----+------------+------------+
    |      Variable Name     | Operation| DSP48E| FF| LUT| Bitwidth P0| Bitwidth P1|
    +------------------------+----------+-------+---+----+------------+------------+
    |add_ln25_1_fu_186_p2    |     +    |      0|  0|  39|          32|           7|
    |add_ln25_fu_180_p2      |     +    |      0|  0|  39|          32|           8|
    |i_fu_207_p2             |     +    |      0|  0|  15|           9|           1|
    |j_fu_245_p2             |     +    |      0|  0|  14|          10|           1|
    |pixel_fu_286_p2         |     +    |      0|  0|  39|          32|           1|
    |and_ln25_1_fu_229_p2    |    and   |      0|  0|   2|           1|           1|
    |and_ln25_2_fu_276_p2    |    and   |      0|  0|   2|           1|           1|
    |and_ln25_fu_270_p2      |    and   |      0|  0|   2|           1|           1|
    |icmp_ln20_fu_201_p2     |   icmp   |      0|  0|  13|           9|           7|
    |icmp_ln22_fu_239_p2     |   icmp   |      0|  0|  13|          10|          10|
    |icmp_ln25_1_fu_224_p2   |   icmp   |      0|  0|  18|          32|          32|
    |icmp_ln25_2_fu_254_p2   |   icmp   |      0|  0|  18|          32|          32|
    |icmp_ln25_3_fu_265_p2   |   icmp   |      0|  0|  18|          32|          32|
    |icmp_ln25_fu_213_p2     |   icmp   |      0|  0|  18|          32|          32|
    |m_axis_video_TDATA_int  |  select  |      0|  0|   8|           1|           8|
    |pixel_2_fu_292_p3       |  select  |      0|  0|  32|           1|          32|
    |xor_ln25_1_fu_259_p2    |    xor   |      0|  0|   2|           1|           2|
    |xor_ln25_fu_218_p2      |    xor   |      0|  0|   2|           1|           2|
    +------------------------+----------+-------+---+----+------------+------------+
    |Total                   |          |      0|  0| 294|         269|         210|
    +------------------------+----------+-------+---+----+------------+------------+

    * Multiplexer: 
    +--------------------------+----+-----------+-----+-----------+
    |           Name           | LUT| Input Size| Bits| Total Bits|
    +--------------------------+----+-----------+-----+-----------+
    |ap_NS_fsm                 |  33|          6|    1|          6|
    |i_0_reg_158               |   9|          2|    9|         18|
    |j_0_reg_169               |   9|          2|   10|         20|
    |m_axis_video_TDATA_blk_n  |   9|          2|    1|          2|
    |pixel_1_fu_86             |   9|          2|   32|         64|
    |s_axis_video_TDATA_blk_n  |   9|          2|    1|          2|
    +--------------------------+----+-----------+-----+-----------+
    |Total                     |  78|         16|   54|        112|
    +--------------------------+----+-----------+-----+-----------+

    * Register: 
    +----------------------+----+----+-----+-----------+
    |         Name         | FF | LUT| Bits| Const Bits|
    +----------------------+----+----+-----+-----------+
    |add_ln25_1_reg_369    |  32|   0|   32|          0|
    |add_ln25_reg_364      |  32|   0|   32|          0|
    |and_ln25_1_reg_382    |   1|   0|    1|          0|
    |and_ln25_2_reg_395    |   1|   0|    1|          0|
    |ap_CS_fsm             |   5|   0|    5|          0|
    |i_0_reg_158           |   9|   0|    9|          0|
    |i_reg_377             |   9|   0|    9|          0|
    |j_0_reg_169           |  10|   0|   10|          0|
    |j_reg_390             |  10|   0|   10|          0|
    |pixel_1_fu_86         |  32|   0|   32|          0|
    |start_x_read_reg_359  |  32|   0|   32|          0|
    |start_y_read_reg_354  |  32|   0|   32|          0|
    +----------------------+----+----+-----+-----------+
    |Total                 | 205|   0|  205|          0|
    +----------------------+----+----+-----+-----------+



================================================================
== Interface
================================================================
* Summary: 
+------------------------+-----+-----+------------+-----------------------+--------------+
|        RTL Ports       | Dir | Bits|  Protocol  |     Source Object     |    C Type    |
+------------------------+-----+-----+------------+-----------------------+--------------+
|s_axi_AXILiteS_AWVALID  |  in |    1|    s_axi   |        AXILiteS       |    scalar    |
|s_axi_AXILiteS_AWREADY  | out |    1|    s_axi   |        AXILiteS       |    scalar    |
|s_axi_AXILiteS_AWADDR   |  in |    5|    s_axi   |        AXILiteS       |    scalar    |
|s_axi_AXILiteS_WVALID   |  in |    1|    s_axi   |        AXILiteS       |    scalar    |
|s_axi_AXILiteS_WREADY   | out |    1|    s_axi   |        AXILiteS       |    scalar    |
|s_axi_AXILiteS_WDATA    |  in |   32|    s_axi   |        AXILiteS       |    scalar    |
|s_axi_AXILiteS_WSTRB    |  in |    4|    s_axi   |        AXILiteS       |    scalar    |
|s_axi_AXILiteS_ARVALID  |  in |    1|    s_axi   |        AXILiteS       |    scalar    |
|s_axi_AXILiteS_ARREADY  | out |    1|    s_axi   |        AXILiteS       |    scalar    |
|s_axi_AXILiteS_ARADDR   |  in |    5|    s_axi   |        AXILiteS       |    scalar    |
|s_axi_AXILiteS_RVALID   | out |    1|    s_axi   |        AXILiteS       |    scalar    |
|s_axi_AXILiteS_RREADY   |  in |    1|    s_axi   |        AXILiteS       |    scalar    |
|s_axi_AXILiteS_RDATA    | out |   32|    s_axi   |        AXILiteS       |    scalar    |
|s_axi_AXILiteS_RRESP    | out |    2|    s_axi   |        AXILiteS       |    scalar    |
|s_axi_AXILiteS_BVALID   | out |    1|    s_axi   |        AXILiteS       |    scalar    |
|s_axi_AXILiteS_BREADY   |  in |    1|    s_axi   |        AXILiteS       |    scalar    |
|s_axi_AXILiteS_BRESP    | out |    2|    s_axi   |        AXILiteS       |    scalar    |
|ap_clk                  |  in |    1| ap_ctrl_hs |        incrust        | return value |
|ap_rst_n                |  in |    1| ap_ctrl_hs |        incrust        | return value |
|ap_start                |  in |    1| ap_ctrl_hs |        incrust        | return value |
|ap_done                 | out |    1| ap_ctrl_hs |        incrust        | return value |
|ap_idle                 | out |    1| ap_ctrl_hs |        incrust        | return value |
|ap_ready                | out |    1| ap_ctrl_hs |        incrust        | return value |
|s_axis_video_TDATA      |  in |    8|    axis    | s_axis_video_V_data_V |    pointer   |
|s_axis_video_TVALID     |  in |    1|    axis    | s_axis_video_V_dest_V |    pointer   |
|s_axis_video_TREADY     | out |    1|    axis    | s_axis_video_V_dest_V |    pointer   |
|s_axis_video_TDEST      |  in |    1|    axis    | s_axis_video_V_dest_V |    pointer   |
|s_axis_video_TKEEP      |  in |    1|    axis    | s_axis_video_V_keep_V |    pointer   |
|s_axis_video_TSTRB      |  in |    1|    axis    | s_axis_video_V_strb_V |    pointer   |
|s_axis_video_TUSER      |  in |    1|    axis    | s_axis_video_V_user_V |    pointer   |
|s_axis_video_TLAST      |  in |    1|    axis    | s_axis_video_V_last_V |    pointer   |
|s_axis_video_TID        |  in |    1|    axis    |  s_axis_video_V_id_V  |    pointer   |
|m_axis_video_TDATA      | out |    8|    axis    | m_axis_video_V_data_V |    pointer   |
|m_axis_video_TVALID     | out |    1|    axis    | m_axis_video_V_dest_V |    pointer   |
|m_axis_video_TREADY     |  in |    1|    axis    | m_axis_video_V_dest_V |    pointer   |
|m_axis_video_TDEST      | out |    1|    axis    | m_axis_video_V_dest_V |    pointer   |
|m_axis_video_TKEEP      | out |    1|    axis    | m_axis_video_V_keep_V |    pointer   |
|m_axis_video_TSTRB      | out |    1|    axis    | m_axis_video_V_strb_V |    pointer   |
|m_axis_video_TUSER      | out |    1|    axis    | m_axis_video_V_user_V |    pointer   |
|m_axis_video_TLAST      | out |    1|    axis    | m_axis_video_V_last_V |    pointer   |
|m_axis_video_TID        | out |    1|    axis    |  m_axis_video_V_id_V  |    pointer   |
+------------------------+-----+-----+------------+-----------------------+--------------+

